<?xml version="1.0" encoding="UTF-8"?>
<!-- Generated by org.testng.reporters.JUnitReportReporter -->
<testsuite skipped="0" hostname="user-PC" name="com.wipro.com.MavenSecondProject.HandlingAlerts" tests="1" failures="0" timestamp="17 Aug 2020 07:05:20 GMT" time="12.977" errors="0">
  <testcase name="Test1" time="12.977" classname="com.wipro.com.MavenSecondProject.HandlingAlerts"/>
</testsuite> <!-- com.wipro.com.MavenSecondProject.HandlingAlerts -->
