<?xml version="1.0" encoding="UTF-8"?>
<!-- Generated by org.testng.reporters.JUnitReportReporter -->
<testsuite skipped="0" hostname="user-PC" name="com.wipro.com.MavenSecondProject.WebElemntInteraction" tests="1" failures="0" timestamp="17 Aug 2020 05:31:16 GMT" time="18.351" errors="0">
  <testcase name="Test1" time="18.351" classname="com.wipro.com.MavenSecondProject.WebElemntInteraction"/>
</testsuite> <!-- com.wipro.com.MavenSecondProject.WebElemntInteraction -->
