<?xml version="1.0" encoding="UTF-8"?>
<!-- Generated by org.testng.reporters.JUnitReportReporter -->
<testsuite skipped="0" hostname="user-PC" name="ProductComparison" tests="1" failures="0" timestamp="26 Aug 2020 08:52:25 GMT" time="42.651" errors="0">
  <testcase name="Test1" time="42.651" classname="ProductComparison"/>
</testsuite> <!-- ProductComparison -->
