<?xml version="1.0" encoding="UTF-8"?>
<!-- Generated by org.testng.reporters.JUnitReportReporter -->
<testsuite skipped="0" hostname="user-PC" name="com.wipro.com.MavenSecondProject.MultipleWindowHandling" tests="1" failures="0" timestamp="17 Aug 2020 07:02:41 GMT" time="38.813" errors="0">
  <testcase name="Test1" time="38.813" classname="com.wipro.com.MavenSecondProject.MultipleWindowHandling"/>
</testsuite> <!-- com.wipro.com.MavenSecondProject.MultipleWindowHandling -->
